<?xml version="1.0" encoding="UTF-8"?>
<!-- Generated by org.testng.reporters.JUnitXMLReporter -->
<testsuite ignored="0" hostname="DESKTOP-S9OHCTK" failures="0" tests="4" name="SubmitOrderTest" time="17.811" errors="0" timestamp="2024-11-11T19:43:00 IST">
  <testcase classname="MyProject.Tests.SubmitOrder" name="submitOrder" time="4.148"/>
  <testcase classname="MyProject.Tests.SubmitOrder" name="submitOrder" time="3.257"/>
  <testcase classname="MyProject.Tests.SubmitOrder" name="orderHistory" time="0.745"/>
  <testcase classname="MyProject.Tests.SubmitOrder" name="orderHistory" time="0.689"/>
</testsuite> <!-- SubmitOrderTest -->
