<?xml version="1.0" encoding="UTF-8"?>
<!-- Generated by org.testng.reporters.JUnitXMLReporter -->
<testsuite ignored="0" hostname="DESKTOP-S9OHCTK" failures="0" tests="2" name="ErrorValidationTest" time="14.418" errors="0" timestamp="2024-11-11T18:49:51 IST">
  <testcase classname="MyProject.Tests.ErrorValidationTest" name="loginErrorValidation" time="1.116"/>
  <testcase classname="MyProject.Tests.ErrorValidationTest" name="productErrorValidation" time="2.269"/>
</testsuite> <!-- ErrorValidationTest -->
