<?xml version="1.0" encoding="UTF-8"?>
<!-- Generated by org.testng.reporters.JUnitXMLReporter -->
<testsuite ignored="2" hostname="DESKTOP-S9OHCTK" failures="0" tests="0" time="0.016" errors="0" timestamp="2024-11-08T20:47:28 IST">
  <testcase classname="MyProject.Tests.SubmitOrder" name="submitOrder" time="0.0">
    <ignored/>
  </testcase> <!-- submitOrder -->
  <testcase classname="MyProject.Tests.SubmitOrder" name="orderHistory" time="0.0">
    <ignored/>
  </testcase> <!-- orderHistory -->
</testsuite>
